[11:28:11] [Client thread/ERROR]: Can't find the resource index file: assets\indexes\1.8.json
[11:28:11] [Client thread/INFO]: Setting user: Player171
[11:28:11] [Client thread/INFO]: (Session ID is token:0:Player171)
[11:28:12] [Client thread/INFO]: [OptiFine] *** Reflector Forge ***
[11:28:12] [Client thread/INFO]: [OptiFine] (Reflector) Class not present: net.minecraftforge.client.model.Attributes
[11:28:12] [Client thread/INFO]: [OptiFine] (Reflector) Class not present: mods.betterfoliage.client.BetterFoliageClient
[11:28:12] [Client thread/INFO]: [OptiFine] (Reflector) Class not present: net.minecraftforge.fml.common.asm.transformers.BlamingTransformer
[11:28:12] [Client thread/INFO]: [OptiFine] (Reflector) Class not present: net.minecraftforge.event.world.ChunkWatchEvent$UnWatch
[11:28:12] [Client thread/INFO]: [OptiFine] (Reflector) Class not present: net.minecraftforge.fml.relauncher.CoreModManager
[11:28:12] [Client thread/INFO]: [OptiFine] (Reflector) Class not present: net.minecraftforge.common.DimensionManager
[11:28:12] [Client thread/INFO]: [OptiFine] (Reflector) Class not present: net.minecraftforge.client.event.GuiScreenEvent$DrawScreenEvent$Pre
[11:28:12] [Client thread/INFO]: [OptiFine] (Reflector) Class not present: net.minecraftforge.client.event.GuiScreenEvent$DrawScreenEvent$Post
[11:28:12] [Client thread/INFO]: [OptiFine] (Reflector) Class not present: net.minecraftforge.client.event.EntityViewRenderEvent$CameraSetup
[11:28:12] [Client thread/INFO]: [OptiFine] (Reflector) Class not present: net.minecraftforge.client.event.EntityViewRenderEvent$FogColors
[11:28:12] [Client thread/INFO]: [OptiFine] (Reflector) Class not present: net.minecraftforge.fml.common.eventhandler.Event
[11:28:12] [Client thread/INFO]: [OptiFine] (Reflector) Class not present: net.minecraftforge.fml.common.eventhandler.EventBus
[11:28:12] [Client thread/INFO]: [OptiFine] (Reflector) Class not present: net.minecraftforge.fml.common.eventhandler.Event$Result
[11:28:12] [Client thread/INFO]: [OptiFine] (Reflector) Class not present: net.minecraftforge.common.property.ExtendedBlockState
[11:28:12] [Client thread/INFO]: [OptiFine] (Reflector) Class not present: net.minecraftforge.fml.client.FMLClientHandler
[11:28:12] [Client thread/INFO]: [OptiFine] (Reflector) Class not present: net.minecraftforge.fml.common.FMLCommonHandler
[11:28:12] [Client thread/INFO]: [OptiFine] (Reflector) Method not present: net.minecraft.world.biome.BiomeGenBase.getWaterColorMultiplier
[11:28:12] [Client thread/INFO]: [OptiFine] (Reflector) Method not present: net.minecraft.block.Block.addDestroyEffects
[11:28:12] [Client thread/INFO]: [OptiFine] (Reflector) Method not present: net.minecraft.block.Block.addHitEffects
[11:28:12] [Client thread/INFO]: [OptiFine] (Reflector) Method not present: net.minecraft.block.Block.canCreatureSpawn
[11:28:12] [Client thread/INFO]: [OptiFine] (Reflector) Method not present: net.minecraft.block.Block.canRenderInLayer
[11:28:12] [Client thread/INFO]: [OptiFine] (Reflector) Method not present: net.minecraft.block.Block.doesSideBlockRendering
[11:28:12] [Client thread/INFO]: [OptiFine] (Reflector) Method not present: net.minecraft.block.Block.getBedDirection
[11:28:12] [Client thread/INFO]: [OptiFine] (Reflector) Method not present: net.minecraft.block.Block.getExtendedState
[11:28:12] [Client thread/INFO]: [OptiFine] (Reflector) Method not present: net.minecraft.block.Block.hasTileEntity
[11:28:12] [Client thread/INFO]: [OptiFine] (Reflector) Method not present: net.minecraft.block.Block.isAir
[11:28:12] [Client thread/INFO]: [OptiFine] (Reflector) Method not present: net.minecraft.block.Block.isBed
[11:28:12] [Client thread/INFO]: [OptiFine] (Reflector) Method not present: net.minecraft.block.Block.isBedFoot
[11:28:12] [Client thread/INFO]: [OptiFine] (Reflector) Method not present: net.minecraft.block.Block.isSideSolid
[11:28:12] [Client thread/INFO]: [OptiFine] (Reflector) Method not present: net.minecraft.entity.Entity.canRiderInteract
[11:28:12] [Client thread/INFO]: [OptiFine] (Reflector) Field not present: net.minecraft.entity.Entity.captureDrops
[11:28:12] [Client thread/INFO]: [OptiFine] (Reflector) Field not present: net.minecraft.entity.Entity.capturedDrops
[11:28:12] [Client thread/INFO]: [OptiFine] (Reflector) Method not present: net.minecraft.entity.Entity.shouldRenderInPass
[11:28:12] [Client thread/INFO]: [OptiFine] (Reflector) Method not present: net.minecraft.entity.Entity.shouldRiderSit
[11:28:12] [Client thread/INFO]: [OptiFine] (Reflector) Class not present: net.minecraftforge.event.ForgeEventFactory
[11:28:12] [Client thread/INFO]: [OptiFine] (Reflector) Class not present: net.minecraftforge.common.ForgeHooks
[11:28:12] [Client thread/INFO]: [OptiFine] (Reflector) Class not present: net.minecraftforge.client.ForgeHooksClient
[11:28:12] [Client thread/INFO]: [OptiFine] (Reflector) Method not present: net.minecraft.item.Item.getDurabilityForDisplay
[11:28:12] [Client thread/INFO]: [OptiFine] (Reflector) Method not present: net.minecraft.item.Item.getModel
[11:28:12] [Client thread/INFO]: [OptiFine] (Reflector) Method not present: net.minecraft.item.Item.onEntitySwing
[11:28:12] [Client thread/INFO]: [OptiFine] (Reflector) Method not present: net.minecraft.item.Item.shouldCauseReequipAnimation
[11:28:12] [Client thread/INFO]: [OptiFine] (Reflector) Method not present: net.minecraft.item.Item.showDurabilityBar
[11:28:12] [Client thread/INFO]: [OptiFine] (Reflector) Method not present: net.minecraft.item.ItemRecord.getRecordResource
[11:28:12] [Client thread/INFO]: [OptiFine] (Reflector) Class not present: net.minecraftforge.common.ForgeModContainer
[11:28:12] [Client thread/INFO]: [OptiFine] (Reflector) Method not present: net.minecraft.potion.PotionEffect.isCurativeItem
[11:28:12] [Client thread/INFO]: [OptiFine] (Reflector) Method not present: net.minecraft.tileentity.TileEntity.canRenderBreaking
[11:28:12] [Client thread/INFO]: [OptiFine] (Reflector) Method not present: net.minecraft.tileentity.TileEntity.getRenderBoundingBox
[11:28:12] [Client thread/INFO]: [OptiFine] (Reflector) Method not present: net.minecraft.tileentity.TileEntity.hasFastRenderer
[11:28:12] [Client thread/INFO]: [OptiFine] (Reflector) Method not present: net.minecraft.tileentity.TileEntity.shouldRenderInPass
[11:28:12] [Client thread/INFO]: [OptiFine] (Reflector) Method not present: net.minecraft.client.renderer.tileentity.TileEntityRendererDispatcher.preDrawBatch
[11:28:12] [Client thread/INFO]: [OptiFine] (Reflector) Method not present: net.minecraft.client.renderer.tileentity.TileEntityRendererDispatcher.drawBatch
[11:28:12] [Client thread/INFO]: [OptiFine] (Reflector) Method not present: net.minecraft.client.renderer.vertex.VertexFormatElement$EnumUsage.preDraw
[11:28:12] [Client thread/INFO]: [OptiFine] (Reflector) Method not present: net.minecraft.client.renderer.vertex.VertexFormatElement$EnumUsage.postDraw
[11:28:12] [Client thread/INFO]: [OptiFine] (Reflector) Method not present: net.minecraft.world.World.countEntities
[11:28:12] [Client thread/INFO]: [OptiFine] (Reflector) Method not present: net.minecraft.world.World.getPerWorldStorage
[11:28:12] [Client thread/INFO]: [OptiFine] (Reflector) Method not present: net.minecraft.world.WorldProvider.getCloudRenderer
[11:28:12] [Client thread/INFO]: [OptiFine] (Reflector) Method not present: net.minecraft.world.WorldProvider.getSkyRenderer
[11:28:12] [Client thread/INFO]: [OptiFine] (Reflector) Method not present: net.minecraft.world.WorldProvider.getWeatherRenderer
[11:28:12] [Client thread/INFO]: [OptiFine] (Reflector) Class not present: net.minecraftforge.fml.client.GuiModList
[11:28:12] [Client thread/INFO]: [OptiFine] (Reflector) Class not present: net.minecraftforge.client.model.IColoredBakedQuad
[11:28:12] [Client thread/INFO]: [OptiFine] (Reflector) Class not present: net.minecraftforge.common.property.IExtendedBlockState
[11:28:12] [Client thread/INFO]: [OptiFine] (Reflector) Class not present: net.minecraftforge.client.IRenderHandler
[11:28:12] [Client thread/INFO]: [OptiFine] (Reflector) Class not present: net.minecraftforge.client.model.ISmartBlockModel
[11:28:12] [Client thread/INFO]: [OptiFine] (Reflector) Class not present: net.minecraftforge.client.ItemModelMesherForge
[11:28:12] [Client thread/INFO]: [OptiFine] (Reflector) Class not present: net.minecraftforge.client.model.pipeline.LightUtil
[11:28:12] [Client thread/INFO]: [OptiFine] (Reflector) Class not present: net.minecraftforge.fml.common.Loader
[11:28:12] [Client thread/INFO]: [OptiFine] (Reflector) Class not present: net.minecraftforge.common.MinecraftForge
[11:28:12] [Client thread/INFO]: [OptiFine] (Reflector) Class not present: net.minecraftforge.client.MinecraftForgeClient
[11:28:12] [Client thread/INFO]: [OptiFine] (Reflector) Class not present: net.minecraftforge.fml.common.ModContainer
[11:28:12] [Client thread/INFO]: [OptiFine] (Reflector) Class not present: net.minecraftforge.client.model.ModelLoader
[11:28:12] [Client thread/INFO]: [OptiFine] (Reflector) Class not present: net.minecraftforge.client.event.RenderBlockOverlayEvent$OverlayType
[11:28:12] [Client thread/INFO]: [OptiFine] (Reflector) Class not present: net.minecraftforge.fml.client.registry.RenderingRegistry
[11:28:12] [Client thread/INFO]: [OptiFine] (Reflector) Class not present: net.minecraftforge.client.event.RenderItemInFrameEvent
[11:28:12] [Client thread/INFO]: [OptiFine] (Reflector) Class not present: net.minecraftforge.client.event.RenderLivingEvent$Pre
[11:28:12] [Client thread/INFO]: [OptiFine] (Reflector) Class not present: net.minecraftforge.client.event.RenderLivingEvent$Post
[11:28:12] [Client thread/INFO]: [OptiFine] (Reflector) Class not present: net.minecraftforge.client.event.RenderLivingEvent$Specials$Pre
[11:28:12] [Client thread/INFO]: [OptiFine] (Reflector) Class not present: net.minecraftforge.client.event.RenderLivingEvent$Specials$Post
[11:28:12] [Client thread/INFO]: [OptiFine] (Reflector) Class not present: net.minecraftforge.fml.client.SplashProgress
[11:28:12] [Client thread/INFO]: [OptiFine] (Reflector) Class not present: net.minecraftforge.event.world.WorldEvent$Load
[11:28:12] [Client thread/INFO]: [OptiFine] *** Reflector Vanilla ***
[11:28:12] [Client thread/INFO]: LWJGL Version: 2.9.4
[11:28:14] [Client thread/INFO]: [OptiFine] 
[11:28:14] [Client thread/INFO]: [OptiFine] OptiFine_1.8.9_HD_U_I7
[11:28:14] [Client thread/INFO]: [OptiFine] Build: null
[11:28:14] [Client thread/INFO]: [OptiFine] OS: Windows 10 (amd64) version 10.0
[11:28:14] [Client thread/INFO]: [OptiFine] Java: 1.8.0_221, Oracle Corporation
[11:28:14] [Client thread/INFO]: [OptiFine] VM: Java HotSpot(TM) 64-Bit Server VM (mixed mode), Oracle Corporation
[11:28:14] [Client thread/INFO]: [OptiFine] LWJGL: 2.9.4
[11:28:14] [Client thread/INFO]: [OptiFine] OpenGL: GeForce GT 730/PCIe/SSE2, version 4.6.0 NVIDIA 436.02, NVIDIA Corporation
[11:28:14] [Client thread/INFO]: [OptiFine] OpenGL Version: 4.6.0
[11:28:14] [Client thread/INFO]: [OptiFine] Maximum texture size: 16384x16384
[11:28:14] [Thread-8/INFO]: [OptiFine] Checking for new version
[11:28:14] [Client thread/INFO]: [Shaders] ShadersMod version: 2.4.12
[11:28:14] [Client thread/INFO]: [Shaders] OpenGL Version: 4.6.0 NVIDIA 436.02
[11:28:14] [Client thread/INFO]: [Shaders] Vendor:  NVIDIA Corporation
[11:28:14] [Client thread/INFO]: [Shaders] Renderer: GeForce GT 730/PCIe/SSE2
[11:28:14] [Client thread/INFO]: [Shaders] Capabilities:  2.0  2.1  3.0  3.2  4.0 
[11:28:14] [Client thread/INFO]: [Shaders] GL_MAX_DRAW_BUFFERS: 8
[11:28:14] [Client thread/INFO]: [Shaders] GL_MAX_COLOR_ATTACHMENTS_EXT: 8
[11:28:14] [Client thread/INFO]: [Shaders] GL_MAX_TEXTURE_IMAGE_UNITS: 32
[11:28:14] [Client thread/INFO]: [Shaders] Load ShadersMod configuration.
[11:28:14] [Client thread/INFO]: [Shaders] Save ShadersMod configuration.
[11:28:14] [Client thread/INFO]: [Shaders] No shaderpack loaded.
[11:28:14] [Client thread/INFO]: Reloading ResourceManager: Default
[11:28:14] [Client thread/INFO]: [OptiFine] *** Reloading textures ***
[11:28:14] [Client thread/INFO]: [OptiFine] Resource packs: Default
[11:28:15] [Sound Library Loader/INFO]: Starting up SoundSystem...
[11:28:15] [Thread-9/INFO]: Initializing LWJGL OpenAL
[11:28:15] [Thread-9/INFO]: (The LWJGL binding of OpenAL.  For more information, see http://www.lwjgl.org)
[11:28:15] [Thread-8/INFO]: [OptiFine] Version found: I7
[11:28:15] [Thread-9/INFO]: OpenAL initialized.
[11:28:15] [Sound Library Loader/INFO]: Sound engine started
[11:28:16] [Client thread/INFO]: [OptiFine] Mipmap levels: 4
[11:28:16] [Client thread/INFO]: [OptiFine] Multitexture: false
[11:28:16] [Client thread/INFO]: [OptiFine] Multipass connected textures: false
[11:28:16] [Client thread/ERROR]: Using missing texture, unable to load minecraft:mcpatcher/ctm/default/empty.png, java.io.FileNotFoundException
[11:28:16] [Client thread/INFO]: Created: 512x512 textures-atlas
[11:28:17] [Client thread/INFO]: [OptiFine] *** Reloading custom textures ***
[11:28:17] [Client thread/INFO]: [OptiFine] Enable face culling: acacia_leaves, birch_leaves, dark_oak_leaves, jungle_leaves, oak_leaves, spruce_leaves
[11:28:19] [Client thread/WARN]: Unable to play unknown soundEvent: minecraft:gui.button.press
[11:28:19] [Client thread/INFO]: Stopping!
[11:28:19] [Client thread/INFO]: SoundSystem shutting down...
[11:28:20] [Client thread/WARN]: Author: Paul Lamb, www.paulscode.com
